date: "2015-02-07 16:47:55.738"
argv: "c:\\Program Files\\nodejs\\node.exe c:\\Users\\kashing\\AppData\\Roaming\\npm\\node_modules\\hexo\\bin\\hexo g"
os: Windows_NT 6.3.9600 win32 x64
versions:
  http_parser: "2.3"
  node: 0.12.0
  v8: 3.28.73
  uv: 1.0.2
  zlib: 1.2.8
  modules: "14"
  openssl: 1.0.1l
  hexo: 2.8.3
---
[debug] 16:47:55.067 Config file loaded from d:\hexo\_config.yml[debug] 16:47:55.067 Version info checked successfully[debug] 16:47:55.098 Loading database.[debug] 16:47:55.145 Processed: page.md (0ms)[debug] 16:47:55.160 Processed: draft.md (15ms)[debug] 16:47:55.160 Processed: photo.md (15ms)[debug] 16:47:55.160 Processed: post.md (15ms)[debug] 16:47:55.160 Plugin loaded successfully: hexo-generator-feed[debug] 16:47:55.176 Plugin loaded successfully: hexo-generator-sitemap[debug] 16:47:55.207 Plugin loaded successfully: hexo-renderer-ejs[debug] 16:47:55.223 Plugin loaded successfully: hexo-renderer-marked[debug] 16:47:55.457 Plugin loaded successfully: hexo-renderer-stylus[debug] 16:47:55.488 Processed: _posts/你好，世界.md (15ms)[debug] 16:47:55.488 Processed: uploads/小丸子.jpg (0ms)[debug] 16:47:55.520 Processed: source/fancybox/blank.gif (0ms)[debug] 16:47:55.520 Processed: source/fancybox/fancybox_loading.gif (0ms)[debug] 16:47:55.520 Processed: source/fancybox/fancybox_loading@2x.gif (0ms)[debug] 16:47:55.520 Processed: source/fancybox/fancybox_overlay.png (0ms)[debug] 16:47:55.520 Processed: source/fancybox/fancybox_sprite.png (0ms)[debug] 16:47:55.520 Processed: source/fancybox/fancybox_sprite@2x.png (0ms)[debug] 16:47:55.520 Processed: source/fancybox/jquery.fancybox.css (0ms)[debug] 16:47:55.520 Processed: source/fancybox/jquery.fancybox.pack.js (0ms)[debug] 16:47:55.520 Processed: source/js/gallery.js (0ms)[debug] 16:47:55.520 Processed: source/js/jquery.imagesloaded.min.js (0ms)[debug] 16:47:55.520 Processed: source/css/style.styl (0ms)[debug] 16:47:55.520 Processed: source/css/_base/layout.styl (0ms)[debug] 16:47:55.520 Processed: source/css/_base/variable.styl (0ms)[debug] 16:47:55.520 Processed: source/css/_base/utils.styl (0ms)[debug] 16:47:55.520 Processed: source/css/_partial/archive.styl (0ms)[debug] 16:47:55.520 Processed: source/css/_partial/article.styl (0ms)[debug] 16:47:55.520 Processed: source/css/_partial/comment.styl (0ms)[debug] 16:47:55.520 Processed: source/css/_partial/footer.styl (0ms)[debug] 16:47:55.520 Processed: source/css/_partial/header.styl (0ms)[debug] 16:47:55.520 Processed: source/css/_partial/index.styl (0ms)[debug] 16:47:55.520 Processed: source/css/_partial/sidebar.styl (0ms)[debug] 16:47:55.520 Processed: source/css/_partial/syntax.styl (0ms)[debug] 16:47:55.520 Processed: source/css/font/fontawesome-webfont.eot (0ms)[debug] 16:47:55.520 Processed: source/css/font/fontawesome-webfont.svg (0ms)[debug] 16:47:55.520 Processed: source/css/font/fontawesome-webfont.ttf (0ms)[debug] 16:47:55.520 Processed: source/css/font/fontawesome-webfont.woff (0ms)[debug] 16:47:55.520 Processed: layout/category.ejs (16ms)[debug] 16:47:55.520 Processed: layout/archive.ejs (16ms)[debug] 16:47:55.520 Processed: layout/index.ejs (16ms)[debug] 16:47:55.520 Processed: layout/layout.ejs (16ms)[debug] 16:47:55.520 Processed: layout/page.ejs (16ms)[debug] 16:47:55.520 Processed: layout/post.ejs (16ms)[debug] 16:47:55.520 Processed: layout/tag.ejs (16ms)[debug] 16:47:55.520 Processed: layout/_widget/about_me.ejs (16ms)[debug] 16:47:55.520 Processed: layout/_widget/duoshuo_recent_comments.ejs (16ms)[debug] 16:47:55.520 Processed: layout/_widget/category.ejs (16ms)[debug] 16:47:55.520 Processed: layout/_widget/links.ejs (16ms)[debug] 16:47:55.520 Processed: layout/_widget/recent_posts.ejs (16ms)[debug] 16:47:55.520 Processed: layout/_widget/search.ejs (16ms)[debug] 16:47:55.520 Processed: layout/_widget/tagcloud.ejs (16ms)[debug] 16:47:55.520 Processed: layout/_widget/tag.ejs (16ms)[debug] 16:47:55.520 Processed: layout/_widget/weibo.ejs (16ms)[debug] 16:47:55.520 Processed: layout/_partial/after_footer.ejs (16ms)[debug] 16:47:55.520 Processed: layout/_partial/archive.ejs (16ms)[debug] 16:47:55.520 Processed: layout/_partial/article.ejs (16ms)[debug] 16:47:55.520 Processed: layout/_partial/baidu_stats.ejs (16ms)[debug] 16:47:55.520 Processed: layout/_partial/comment.ejs (16ms)[debug] 16:47:55.520 Processed: layout/_partial/duoshuo.ejs (16ms)[debug] 16:47:55.520 Processed: layout/_partial/facebook_comment.ejs (16ms)[debug] 16:47:55.520 Processed: layout/_partial/footer.ejs (16ms)[debug] 16:47:55.520 Processed: layout/_partial/google_analytics.ejs (0ms)[debug] 16:47:55.520 Processed: layout/_partial/head.ejs (0ms)[debug] 16:47:55.520 Processed: layout/_partial/header.ejs (0ms)[debug] 16:47:55.520 Processed: layout/_partial/pagination.ejs (0ms)[debug] 16:47:55.520 Processed: layout/_partial/sidebar.ejs (0ms)[debug] 16:47:55.520 Processed: layout/_partial/post/category.ejs (0ms)[debug] 16:47:55.520 Processed: layout/_partial/post/gallery.ejs (0ms)[debug] 16:47:55.520 Processed: layout/_partial/post/share.ejs (0ms)[debug] 16:47:55.520 Processed: layout/_partial/post/tag.ejs (0ms)[debug] 16:47:55.520 Processed: layout/_partial/post/title.ejs (0ms)[debug] 16:47:55.520 Theme config loaded[debug] 16:47:55.520 Processed: _config.yml (16ms)[debug] 16:47:55.520 Processed: languages/de.yml (16ms)[debug] 16:47:55.520 Processed: languages/default.yml (16ms)[debug] 16:47:55.520 Processed: languages/es.yml (16ms)[debug] 16:47:55.535 Processed: languages/ru.yml (31ms)[debug] 16:47:55.535 Processed: languages/zh-CN.yml (31ms)[debug] 16:47:55.535 Processed: languages/zh-TW.yml (31ms)[debug] 16:47:55.535 Generator: archive (0ms)[debug] 16:47:55.551 Generator: category (16ms)[debug] 16:47:55.551 Generator: home (0ms)[debug] 16:47:55.551 Generator: page (0ms)[debug] 16:47:55.551 Generator: post (0ms)[debug] 16:47:55.551 Generator: tag (0ms)[debug] 16:47:55.551 Generator: feed (0ms)[debug] 16:47:55.551 Generator: sitemap (0ms)[debug] 16:47:55.567 Generator: asset (16ms)[info] 16:47:55.567 Files loaded in 0.110s[debug] 16:47:55.567 Render archive: archives/[delete] 16:47:55.582 Deleted: js\gallery.js[delete] 16:47:55.582 Deleted: js\script.js[delete] 16:47:55.582 Deleted: uploads\小丸子.jpg[delete] 16:47:55.582 Deleted: js\jquery.imagesloaded.min.js[delete] 16:47:55.582 Deleted: categories\blog\index.html[delete] 16:47:55.582 Deleted: css\style.css[delete] 16:47:55.582 Deleted: css\font\fontawesome-webfont.eot[delete] 16:47:55.582 Deleted: css\font\fontawesome-webfont.svg[delete] 16:47:55.582 Deleted: css\font\fontawesome-webfont.ttf[delete] 16:47:55.582 Deleted: css\font\fontawesome-webfont.woff[delete] 16:47:55.582 Deleted: css\fonts\FontAwesome.otf[delete] 16:47:55.582 Deleted: css\fonts\fontawesome-webfont.eot[delete] 16:47:55.582 Deleted: css\fonts\fontawesome-webfont.svg[delete] 16:47:55.582 Deleted: css\fonts\fontawesome-webfont.ttf[delete] 16:47:55.582 Deleted: css\fonts\fontawesome-webfont.woff[delete] 16:47:55.582 Deleted: css\images\banner.jpg[delete] 16:47:55.582 Deleted: fancybox\blank.gif[delete] 16:47:55.582 Deleted: fancybox\fancybox_loading.gif[delete] 16:47:55.582 Deleted: fancybox\fancybox_loading@2x.gif[delete] 16:47:55.582 Deleted: fancybox\fancybox_overlay.png[delete] 16:47:55.582 Deleted: fancybox\fancybox_sprite.png[delete] 16:47:55.582 Deleted: fancybox\fancybox_sprite@2x.png[delete] 16:47:55.582 Deleted: fancybox\jquery.fancybox.css[delete] 16:47:55.582 Deleted: fancybox\jquery.fancybox.js[delete] 16:47:55.582 Deleted: fancybox\jquery.fancybox.pack.js[delete] 16:47:55.582 Deleted: fancybox\helpers\fancybox_buttons.png[delete] 16:47:55.582 Deleted: fancybox\helpers\jquery.fancybox-buttons.css[delete] 16:47:55.582 Deleted: fancybox\helpers\jquery.fancybox-buttons.js[delete] 16:47:55.582 Deleted: fancybox\helpers\jquery.fancybox-media.js[delete] 16:47:55.582 Deleted: fancybox\helpers\jquery.fancybox-thumbs.css[delete] 16:47:55.582 Deleted: fancybox\helpers\jquery.fancybox-thumbs.js[delete] 16:47:55.582 Deleted: tags\你好-世界，Hello-World\index.html[delete] 16:47:55.582 Deleted: archives\index.html[delete] 16:47:55.582 Deleted: archives\2015\index.html[delete] 16:47:55.582 Deleted: archives\2015\02\index.html[delete] 16:47:55.598 Deleted: 2015\02\07\你好，世界\index.html[create] 16:47:55.629 Generated: archives/index.html (62ms)[debug] 16:47:55.629 Render archive: archives/2015/[create] 16:47:55.660 Generated: archives/2015/index.html (31ms)[debug] 16:47:55.660 Render archive: archives/2015/02/[create] 16:47:55.676 Generated: archives/2015/02/index.html (16ms)[debug] 16:47:55.676 Render category: categories/blog/[create] 16:47:55.692 Generated: categories/blog/index.html (16ms)[debug] 16:47:55.692 Render index: [update] 16:47:55.707 Generated: index.html (15ms)[debug] 16:47:55.707 Render post: 2015/02/07/你好，世界/[error] 16:47:55.723 HexoError: Render failed: 2015/02/07/你好，世界/index.html
TypeError: d:\hexo\themes\light2\layout\post.ejs:1
 >> 1| <%- partial('_partial/article', {item: page, index: false}) %>

d:\hexo\themes\light2\layout\_partial\article.ejs:35
    33|         <%- partial('post/category') %>
    34|         <%- partial('post/tag') %>
 >> 35|         <%- partial('post/share') %>
    36|       <% } %>
    37|       <div class="clearfix"></div>
    38|     </footer>

d:\hexo\themes\light2\layout\_partial\post\share.ejs:1
 >> 1| <% if (theme.addthis.enable){ %>
    2|   <div class="addthis addthis_toolbox addthis_default_style">
    3|     <% if (theme.addthis.facebook){ %>
    4|       <a class="addthis_button_facebook_like" fb:like:layout="button_count"></a>

Cannot read property 'enable' of undefined
    at eval (eval at <anonymous> (d:\hexo\node_modules\hexo-renderer-ejs\node_modules\ejs\lib\ejs.js:242:14), <anonymous>:30:50)
    at eval (eval at <anonymous> (d:\hexo\node_modules\hexo-renderer-ejs\node_modules\ejs\lib\ejs.js:242:14), <anonymous>:30:1219)
    at d:\hexo\node_modules\hexo-renderer-ejs\node_modules\ejs\lib\ejs.js:255:15
    at Object.exports.render (d:\hexo\node_modules\hexo-renderer-ejs\node_modules\ejs\lib\ejs.js:293:13)
    at d:\hexo\node_modules\hexo-renderer-ejs\index.js:5:14
    at Object.exports.renderSync (c:\Users\kashing\AppData\Roaming\npm\node_modules\hexo\lib\core\render.js:133:12)
    at View.renderSync (c:\Users\kashing\AppData\Roaming\npm\node_modules\hexo\lib\theme\view.js:183:28)
    at partial (c:\Users\kashing\AppData\Roaming\npm\node_modules\hexo\lib\plugins\helper\partial.js:29:17)
    at Object.module.exports (c:\Users\kashing\AppData\Roaming\npm\node_modules\hexo\lib\plugins\helper\partial.js:37:12)
    at eval (eval at <anonymous> (d:\hexo\node_modules\hexo-renderer-ejs\node_modules\ejs\lib\ejs.js:242:14), <anonymous>:30:2004)
